1740599489869:hello-world
1740599496407:hello-world there
1740599506670:hello-world ,man
1740601158930:generate generate
1740601175628:generate generate hello
1740601201880:generate generate
1740601319668:generate vehicles
1740604061727:generate-vehicles 5 1
1740604158654:generate-vehicles 10 1
1740647861292:generate-data 1 1
1740647920315:generate-data 2 2 3
1740826915708:generate-data 100 1 2 3
1740826979940:generate-data 2900 1 2 3
1742125726544:generate-data 4 1 2
1743441475724:generate-track 1 60.001242 60.012204 30.272950 30.293292
1743443671475:generate-track 2 60.003777 60.014610 30.274033 30.295577
1743694604577:generate-track 2 55.369181 55.857799  37.200062 38.092701
1743851921085:generate-track 2 55.711764 55.729288 37.623551 37.636148
1744485088941:generate-track 1 55.711764 55.729288 37.623551 37.636148
1744485111286:generate-track 2 55.711764 55.729288 37.623551 37.636148
1744485127201:generate-track 1 55.711764 55.729288 37.623551 37.636148
1744533123614:generate-track 2 55.711764 55.729288 37.623551 37.636148
1744533190899:generate-track 1 55.711764 55.729288 37.623551 37.636148
1744533402686:generate-track 2 55.711764 55.729288 37.623551 37.636148
